20230301	23:14:15	b38e0bd6-6e4a-44dc-b0fa-c2cc2cdaa16c	OPTIONS	/api/login	http://localhost:3000
20230301	23:14:15	f934df57-a198-4fa1-a693-bea0ec764eb5	POST	/api/login	http://localhost:3000
20230301	23:14:18	79b594be-f48d-4b81-87ce-7e99c5cf2470	OPTIONS	/api/categories/1	http://localhost:3000
20230301	23:14:18	7ae414c8-1026-48ff-91ad-15517cfa26e3	GET	/api/categories/1	http://localhost:3000
20230301	23:24:23	db739106-c24f-4a45-aac6-ea67d3a40d9f	OPTIONS	/api/allcategories	http://localhost:3000
20230301	23:24:23	48df176c-aede-42f7-89ad-506e05b5f305	GET	/api/allcategories	http://localhost:3000
20230301	23:33:28	0f886ca8-9285-4133-bdc0-b0fe76c81439	OPTIONS	/api/allcategories	http://localhost:3000
20230301	23:33:28	2e3d2cc3-e939-49e1-ba95-53019f148049	GET	/api/allcategories	http://localhost:3000
20230301	23:37:58	510d38da-49fb-44ab-b4b8-5bb9501ea6cd	OPTIONS	/api/allcategories	http://localhost:3000
20230301	23:37:58	b6f4fd3a-7406-440b-921c-cf1a99e0ae75	GET	/api/allcategories	http://localhost:3000
20230301	23:39:04	ffa92f5d-04c9-4570-a53d-7dac63636d6f	OPTIONS	/api/allcategories	http://localhost:3000
20230301	23:39:04	f5648ebe-5e90-4db1-b241-38486eae24b5	GET	/api/allcategories	http://localhost:3000
20230301	23:44:01	64cc1d86-c562-4502-8cf5-010f0247b8ce	OPTIONS	/api/allcategories	http://localhost:3000
20230301	23:44:01	a47ddd32-2959-4182-b274-12b608e082a1	GET	/api/allcategories	http://localhost:3000
20230301	23:44:22	cf69df07-0be3-49ce-8f45-2e515da2963f	OPTIONS	/api/allcategories	http://localhost:3000
20230301	23:44:22	526536ba-db64-4996-8b63-06a1bf94330f	GET	/api/allcategories	http://localhost:3000
20230301	23:46:26	28c1e610-4ae9-4724-8007-5cfb17d78427	OPTIONS	/api/allcategories	http://localhost:3000
20230301	23:46:26	6d07c3a9-a827-4d01-b5f9-1843ad5f3dd9	GET	/api/allcategories	http://localhost:3000
20230302	23:00:03	55ea6b7e-d7ee-4737-9834-6d52f044a788	OPTIONS	/api/allcategories	http://localhost:3000
20230302	23:00:03	c9987ddf-963d-49a8-8ab3-9f22daefc908	GET	/api/allcategories	http://localhost:3000
20221031	23:23:37	5d44f0b0-c041-48e2-8d90-62e2a5dbd1d7	OPTIONS	/api/allcategories	http://localhost:3000
20221031	23:23:37	9c185b22-58b3-4cfd-b4dc-03ddd8b81489	GET	/api/allcategories	http://localhost:3000
20221031	23:43:40	e30ef51b-dc9d-43f2-97ee-540fc4887ad9	OPTIONS	/api/create-product	http://localhost:3000
20221031	23:43:40	883eec57-b2d4-4f6c-a77b-8c4e22b53bf8	POST	/api/create-product	http://localhost:3000
20221031	23:45:31	b6de79cb-ad59-4f20-9bce-ed61becdad2e	OPTIONS	/api/create-product	http://localhost:3000
20221031	23:45:31	bd114854-fa10-4206-8299-3233e5bbfffd	POST	/api/create-product	http://localhost:3000
